<?xml version="1.0" encoding="UTF-8"?>
<testng-results ignored="0" total="4" passed="4" failed="0" skipped="0">
  <reporter-output>
  </reporter-output>
  <suite started-at="2024-03-08T15:11:40 CET" name="PetSuite" finished-at="2024-03-08T15:11:47 CET" duration-ms="7529">
    <groups>
    </groups>
    <test started-at="2024-03-08T15:11:40 CET" name="PetTest" finished-at="2024-03-08T15:11:47 CET" duration-ms="7529">
      <class name="api.test.UserTests2">
        <test-method is-config="true" signature="setUp()[pri:0, instance:api.test.UserTests2@78e4deb0]" started-at="2024-03-08T15:11:40 CET" name="setUp" finished-at="2024-03-08T15:11:41 CET" duration-ms="1127" status="PASS">
          <reporter-output>
          </reporter-output>
        </test-method> <!-- setUp -->
        <test-method signature="testPostUser()[pri:1, instance:api.test.UserTests2@78e4deb0]" started-at="2024-03-08T15:11:41 CET" name="testPostUser" finished-at="2024-03-08T15:11:45 CET" duration-ms="3303" status="PASS">
          <reporter-output>
          </reporter-output>
        </test-method> <!-- testPostUser -->
        <test-method signature="testGetUserByName()[pri:2, instance:api.test.UserTests2@78e4deb0]" started-at="2024-03-08T15:11:45 CET" name="testGetUserByName" finished-at="2024-03-08T15:11:45 CET" duration-ms="659" status="PASS">
          <reporter-output>
          </reporter-output>
        </test-method> <!-- testGetUserByName -->
        <test-method signature="testupdateUserByName()[pri:3, instance:api.test.UserTests2@78e4deb0]" started-at="2024-03-08T15:11:45 CET" name="testupdateUserByName" finished-at="2024-03-08T15:11:47 CET" duration-ms="1288" status="PASS">
          <reporter-output>
          </reporter-output>
        </test-method> <!-- testupdateUserByName -->
        <test-method signature="testdeleteUserByName()[pri:4, instance:api.test.UserTests2@78e4deb0]" started-at="2024-03-08T15:11:47 CET" name="testdeleteUserByName" finished-at="2024-03-08T15:11:47 CET" duration-ms="642" status="PASS">
          <reporter-output>
          </reporter-output>
        </test-method> <!-- testdeleteUserByName -->
      </class> <!-- api.test.UserTests2 -->
    </test> <!-- PetTest -->
  </suite> <!-- PetSuite -->
</testng-results>
