<?xml version="1.0" encoding="UTF-8"?>
<!-- Generated by org.testng.reporters.JUnitXMLReporter -->
<testsuite ignored="0" hostname="DESKTOP-H5B1REO" failures="0" tests="4" name="PetTest" time="7.529" errors="0" timestamp="2024-03-08T15:11:48 CET">
  <testcase classname="api.test.UserTests2" name="testPostUser" time="3.303"/>
  <testcase classname="api.test.UserTests2" name="testGetUserByName" time="0.659"/>
  <testcase classname="api.test.UserTests2" name="testupdateUserByName" time="1.288"/>
  <testcase classname="api.test.UserTests2" name="testdeleteUserByName" time="0.642"/>
</testsuite> <!-- PetTest -->
